<?xml version="1.0" encoding="utf-8"?><testsuites><testsuite name="pytest" errors="0" failures="0" skipped="0" tests="3" time="96.834" timestamp="2024-06-14T14:29:24.407653" hostname="LAPTOP-CKTEL3O8"><testcase classname="test_login.TestLogin" name="test_search_with_valid_credentials" time="29.733" /><testcase classname="test_search.TestSearch" name="test_search_for_a_valid_products" time="33.184" /><testcase classname="test_search.TestSearch" name="test_search_for_an_invalid_products" time="33.848" /></testsuite></testsuites>